<?xml version="1.0" encoding="UTF-8"?>
<testsuite xmlns:xsi="http://www.w3.org/2001/XMLSchema-instance" xsi:noNamespaceSchemaLocation="https://maven.apache.org/surefire/maven-surefire-plugin/xsd/surefire-test-report.xsd" name="ru.gbrains.webuigroup.AppTest" time="0.026" tests="5" errors="0" skipped="0" failures="0">
  <properties>
[...]
</properties>
  <testcase name="testDivByZero" classname="ru.gbrains.webuigroup.AppTest" time="0.001"/>
  <testcase name="shouldAnswerWithTrue" classname="ru.gbrains.webuigroup.AppTest" time="0"/>
  <testcase name="testDiv" classname="ru.gbrains.webuigroup.AppTest" time="0"/>
  <testcase name="testSum" classname="ru.gbrains.webuigroup.AppTest" time="0"/>
  <testcase name="testMultiply" classname="ru.gbrains.webuigroup.AppTest" time="0"/>
</testsuite>